Using pre-set license
Built from '2021.2/staging' branch; Version is '2021.2.12f1 (48b1aa000234) revision 4764074'; Using compiler version '192829333'; Build Type 'Release'
OS: 'Windows 11  (10.0.22621) 64bit Core' Language: 'en' Physical Memory: 16122 MB
BatchMode: 1, IsHumanControllingUs: 0, StartBugReporterOnCrash: 0, Is64bit: 1, IsPro: 0

COMMAND LINE ARGUMENTS:
C:\Program Files\Unity\Hub\Editor\2021.2.12f1\Editor\Unity.exe
-adb2
-batchMode
-noUpm
-name
AssetImportWorker0
-projectPath
C:/Users/shoot/OneDrive/Documents/GitHub/Balena-To-Sirus/Balena to Sirus
-logFile
Logs/AssetImportWorker0.log
-srvPort
52573
Successfully changed project path to: C:/Users/shoot/OneDrive/Documents/GitHub/Balena-To-Sirus/Balena to Sirus
C:/Users/shoot/OneDrive/Documents/GitHub/Balena-To-Sirus/Balena to Sirus
[UnityMemory] Configuration Parameters - Can be set up in boot.config
    "memorysetup-bucket-allocator-granularity=16"
    "memorysetup-bucket-allocator-bucket-count=8"
    "memorysetup-bucket-allocator-block-size=33554432"
    "memorysetup-bucket-allocator-block-count=8"
    "memorysetup-main-allocator-block-size=16777216"
    "memorysetup-thread-allocator-block-size=16777216"
    "memorysetup-gfx-main-allocator-block-size=16777216"
    "memorysetup-gfx-thread-allocator-block-size=16777216"
    "memorysetup-cache-allocator-block-size=4194304"
    "memorysetup-typetree-allocator-block-size=2097152"
    "memorysetup-profiler-bucket-allocator-granularity=16"
    "memorysetup-profiler-bucket-allocator-bucket-count=8"
    "memorysetup-profiler-bucket-allocator-block-size=33554432"
    "memorysetup-profiler-bucket-allocator-block-count=8"
    "memorysetup-profiler-allocator-block-size=16777216"
    "memorysetup-profiler-editor-allocator-block-size=1048576"
    "memorysetup-temp-allocator-size-main=16777216"
    "memorysetup-job-temp-allocator-block-size=2097152"
    "memorysetup-job-temp-allocator-block-size-background=1048576"
    "memorysetup-job-temp-allocator-reduction-small-platforms=262144"
    "memorysetup-temp-allocator-size-background-worker=32768"
    "memorysetup-temp-allocator-size-job-worker=262144"
    "memorysetup-temp-allocator-size-preload-manager=33554432"
    "memorysetup-temp-allocator-size-nav-mesh-worker=65536"
    "memorysetup-temp-allocator-size-audio-worker=65536"
    "memorysetup-temp-allocator-size-cloud-worker=32768"
    "memorysetup-temp-allocator-size-gi-baking-worker=262144"
    "memorysetup-temp-allocator-size-gfx=262144"
Refreshing native plugins compatible for Editor in 151.50 ms, found 5 plugins.
Preloading 0 native plugins for Editor in 0.00 ms.
Initialize engine version: 2021.2.12f1 (48b1aa000234)
[Subsystems] Discovering subsystems at path C:/Program Files/Unity/Hub/Editor/2021.2.12f1/Editor/Data/Resources/UnitySubsystems
[Subsystems] Discovering subsystems at path C:/Users/shoot/OneDrive/Documents/GitHub/Balena-To-Sirus/Balena to Sirus/Assets
GfxDevice: creating device client; threaded=0; jobified=0
Direct3D:
    Version:  Direct3D 11.0 [level 11.1]
    Renderer: NVIDIA GeForce RTX 3060 Laptop GPU (ID=0x2520)
    Vendor:   NVIDIA
    VRAM:     6023 MB
    Driver:   31.0.15.1720
Initialize mono
Mono path[0] = 'C:/Program Files/Unity/Hub/Editor/2021.2.12f1/Editor/Data/Managed'
Mono path[1] = 'C:/Program Files/Unity/Hub/Editor/2021.2.12f1/Editor/Data/MonoBleedingEdge/lib/mono/unityjit-win32'
Mono config path = 'C:/Program Files/Unity/Hub/Editor/2021.2.12f1/Editor/Data/MonoBleedingEdge/etc'
Using monoOptions --debugger-agent=transport=dt_socket,embedding=1,server=y,suspend=n,address=127.0.0.1:56896
Begin MonoManager ReloadAssembly
Registering precompiled unity dll's ...
Register platform support module: C:/Program Files/Unity/Hub/Editor/2021.2.12f1/Editor/Data/PlaybackEngines/WindowsStandaloneSupport/UnityEditor.WindowsStandalone.Extensions.dll
Registered in 0.007833 seconds.
Native extension for WindowsStandalone target not found
Refreshing native plugins compatible for Editor in 114.31 ms, found 5 plugins.
Preloading 0 native plugins for Editor in 0.00 ms.
Mono: successfully reloaded assembly
- Completed reload, in  1.152 seconds
Domain Reload Profiling:
	ReloadAssembly (1153ms)
		BeginReloadAssembly (131ms)
			ExecutionOrderSort (0ms)
			DisableScriptedObjects (0ms)
			BackupInstance (0ms)
			ReleaseScriptingObjects (0ms)
			CreateAndSetChildDomain (1ms)
		EndReloadAssembly (834ms)
			LoadAssemblies (127ms)
			RebuildTransferFunctionScriptingTraits (0ms)
			SetupTypeCache (163ms)
			ReleaseScriptCaches (0ms)
			RebuildScriptCaches (47ms)
			SetupLoadedEditorAssemblies (535ms)
				LogAssemblyErrors (0ms)
				InitializePlatformSupportModulesInManaged (13ms)
				SetLoadedEditorAssemblies (1ms)
				RefreshPlugins (114ms)
				BeforeProcessingInitializeOnLoad (3ms)
				ProcessInitializeOnLoadAttributes (281ms)
				ProcessInitializeOnLoadMethodAttributes (121ms)
				AfterProcessingInitializeOnLoad (0ms)
				EditorAssembliesLoaded (1ms)
			ExecutionOrderSort2 (0ms)
			AwakeInstancesAfterBackupRestoration (0ms)
Platform modules already initialized, skipping
Registering precompiled user dll's ...
Registered in 0.015125 seconds.
Begin MonoManager ReloadAssembly
Symbol file LoadedFromMemory doesn't match image C:\Users\shoot\OneDrive\Documents\GitHub\Balena-To-Sirus\Balena to Sirus\Library\PackageCache\com.unity.visualscripting@1.7.6\Editor\VisualScripting.Core\Dependencies\DotNetZip\Unity.VisualScripting.IonicZip.dll
Symbol file LoadedFromMemory doesn't match image C:\Users\shoot\OneDrive\Documents\GitHub\Balena-To-Sirus\Balena to Sirus\Library\PackageCache\com.unity.visualscripting@1.7.6\Editor\VisualScripting.Core\Dependencies\YamlDotNet\Unity.VisualScripting.YamlDotNet.dll
Native extension for WindowsStandalone target not found
Refreshing native plugins compatible for Editor in 2.11 ms, found 5 plugins.
Preloading 0 native plugins for Editor in 0.00 ms.
Mono: successfully reloaded assembly
- Completed reload, in  2.456 seconds
Domain Reload Profiling:
	ReloadAssembly (2459ms)
		BeginReloadAssembly (191ms)
			ExecutionOrderSort (0ms)
			DisableScriptedObjects (11ms)
			BackupInstance (0ms)
			ReleaseScriptingObjects (0ms)
			CreateAndSetChildDomain (34ms)
		EndReloadAssembly (2060ms)
			LoadAssemblies (126ms)
			RebuildTransferFunctionScriptingTraits (0ms)
			SetupTypeCache (500ms)
			ReleaseScriptCaches (1ms)
			RebuildScriptCaches (155ms)
			SetupLoadedEditorAssemblies (1093ms)
				LogAssemblyErrors (0ms)
				InitializePlatformSupportModulesInManaged (18ms)
				SetLoadedEditorAssemblies (1ms)
				RefreshPlugins (2ms)
				BeforeProcessingInitializeOnLoad (162ms)
				ProcessInitializeOnLoadAttributes (794ms)
				ProcessInitializeOnLoadMethodAttributes (95ms)
				AfterProcessingInitializeOnLoad (20ms)
				EditorAssembliesLoaded (1ms)
			ExecutionOrderSort2 (0ms)
			AwakeInstancesAfterBackupRestoration (27ms)
Platform modules already initialized, skipping
========================================================================
Worker process is ready to serve import requests
Launched and connected shader compiler UnityShaderCompiler.exe after 0.07 seconds
Refreshing native plugins compatible for Editor in 3.45 ms, found 5 plugins.
Preloading 0 native plugins for Editor in 0.00 ms.
Unloading 3548 Unused Serialized files (Serialized files now loaded: 0)
Unloading 93 unused Assets / (1.3 MB). Loaded Objects now: 3942.
Memory consumption went from 134.5 MB to 133.2 MB.
Total: 11.954200 ms (FindLiveObjects: 0.934200 ms CreateObjectMapping: 0.650300 ms MarkObjects: 9.639000 ms  DeleteObjects: 0.725400 ms)

AssetImportParameters requested are different than current active one (requested -> active):
  custom:video-decoder-ogg-theora: a1e56fd34408186e4bbccfd4996cb3dc -> 
  custom:container-muxer-webm: aa71ff27fc2769a1b78a27578f13a17b -> 
  custom:container-demuxer-webm: 4f35f7cbe854078d1ac9338744f61a02 -> 
  custom:video-encoder-webm-vp8: eb34c28f22e8b96e1ab97ce403110664 -> 
  custom:video-codec-MediaFoundation-h265: 746d11721c4dcdbdad8f713fa42b33f4 -> 
  custom:audio-encoder-webm-vorbis: bf7c407c2cedff20999df2af8eb42d56 -> 
  custom:framework-win-MediaFoundation: 216162199b28c13a410421893ffa2e32 -> 
  custom:container-demuxer-ogg: 62fdf1f143b41e24485cea50d1cbac27 -> 
  custom:video-decoder-webm-vp8: 9c59270c3fd7afecdb556c50c9e8de78 -> 
  custom:audio-decoder-ogg-vorbis: bf7c407c2cedff20999df2af8eb42d56 -> 
========================================================================
Received Import Request.
  Time since last request: 185864.529263 seconds.
  path: Assets/Scenes/The levels
  artifactKey: Guid(8a781a2202f9c6c42bcae775499187db) Importer(815301076,1909f56bfc062723c751e8b465ee728b)
Start importing Assets/Scenes/The levels using Guid(8a781a2202f9c6c42bcae775499187db) Importer(815301076,1909f56bfc062723c751e8b465ee728b)  -> (artifact id: 'be93df8b21b74984ae85c4e03ac72704') in 0.037861 seconds 
========================================================================
Received Prepare
Registering precompiled user dll's ...
Registered in 0.006188 seconds.
Begin MonoManager ReloadAssembly
Symbol file LoadedFromMemory doesn't match image C:\Users\shoot\OneDrive\Documents\GitHub\Balena-To-Sirus\Balena to Sirus\Library\PackageCache\com.unity.visualscripting@1.7.6\Editor\VisualScripting.Core\Dependencies\DotNetZip\Unity.VisualScripting.IonicZip.dll
Symbol file LoadedFromMemory doesn't match image C:\Users\shoot\OneDrive\Documents\GitHub\Balena-To-Sirus\Balena to Sirus\Library\PackageCache\com.unity.visualscripting@1.7.6\Editor\VisualScripting.Core\Dependencies\YamlDotNet\Unity.VisualScripting.YamlDotNet.dll
Native extension for WindowsStandalone target not found
Refreshing native plugins compatible for Editor in 1.69 ms, found 5 plugins.
Preloading 0 native plugins for Editor in 0.00 ms.
Mono: successfully reloaded assembly
- Completed reload, in  1.529 seconds
Domain Reload Profiling:
	ReloadAssembly (1530ms)
		BeginReloadAssembly (216ms)
			ExecutionOrderSort (0ms)
			DisableScriptedObjects (10ms)
			BackupInstance (0ms)
			ReleaseScriptingObjects (0ms)
			CreateAndSetChildDomain (67ms)
		EndReloadAssembly (1171ms)
			LoadAssemblies (109ms)
			RebuildTransferFunctionScriptingTraits (0ms)
			SetupTypeCache (413ms)
			ReleaseScriptCaches (2ms)
			RebuildScriptCaches (63ms)
			SetupLoadedEditorAssemblies (517ms)
				LogAssemblyErrors (0ms)
				InitializePlatformSupportModulesInManaged (19ms)
				SetLoadedEditorAssemblies (1ms)
				RefreshPlugins (2ms)
				BeforeProcessingInitializeOnLoad (83ms)
				ProcessInitializeOnLoadAttributes (368ms)
				ProcessInitializeOnLoadMethodAttributes (36ms)
				AfterProcessingInitializeOnLoad (8ms)
				EditorAssembliesLoaded (0ms)
			ExecutionOrderSort2 (0ms)
			AwakeInstancesAfterBackupRestoration (8ms)
Platform modules already initialized, skipping
Refreshing native plugins compatible for Editor in 14.99 ms, found 5 plugins.
Preloading 0 native plugins for Editor in 0.00 ms.
Unloading 3501 Unused Serialized files (Serialized files now loaded: 0)
Unloading 86 unused Assets / (1.2 MB). Loaded Objects now: 3944.
Memory consumption went from 130.3 MB to 129.0 MB.
Total: 3.752600 ms (FindLiveObjects: 0.281800 ms CreateObjectMapping: 0.148800 ms MarkObjects: 3.117600 ms  DeleteObjects: 0.202800 ms)

AssetImportParameters requested are different than current active one (requested -> active):
  custom:video-decoder-ogg-theora: a1e56fd34408186e4bbccfd4996cb3dc -> 
  custom:container-muxer-webm: aa71ff27fc2769a1b78a27578f13a17b -> 
  custom:container-demuxer-webm: 4f35f7cbe854078d1ac9338744f61a02 -> 
  custom:video-encoder-webm-vp8: eb34c28f22e8b96e1ab97ce403110664 -> 
  custom:video-codec-MediaFoundation-h265: 746d11721c4dcdbdad8f713fa42b33f4 -> 
  custom:audio-encoder-webm-vorbis: bf7c407c2cedff20999df2af8eb42d56 -> 
  custom:framework-win-MediaFoundation: 216162199b28c13a410421893ffa2e32 -> 
  custom:container-demuxer-ogg: 62fdf1f143b41e24485cea50d1cbac27 -> 
  custom:video-decoder-webm-vp8: 9c59270c3fd7afecdb556c50c9e8de78 -> 
  custom:audio-decoder-ogg-vorbis: bf7c407c2cedff20999df2af8eb42d56 -> 
========================================================================
Received Import Request.
  Time since last request: 926.440140 seconds.
  path: Assets/Plugins/FMOD/Resources/FMODStudioSettings.asset
  artifactKey: Guid(1282c732af19b424f90196659467399d) Importer(815301076,1909f56bfc062723c751e8b465ee728b)
Start importing Assets/Plugins/FMOD/Resources/FMODStudioSettings.asset using Guid(1282c732af19b424f90196659467399d) Importer(815301076,1909f56bfc062723c751e8b465ee728b)  -> (artifact id: '123686c663c4b89abc19e61077007d70') in 0.126890 seconds 
========================================================================
Received Import Request.
  Time since last request: 8.282377 seconds.
  path: Assets/Plugins/FMOD/Resources/FMODStudioSettings.asset
  artifactKey: Guid(1282c732af19b424f90196659467399d) Importer(815301076,1909f56bfc062723c751e8b465ee728b)
Start importing Assets/Plugins/FMOD/Resources/FMODStudioSettings.asset using Guid(1282c732af19b424f90196659467399d) Importer(815301076,1909f56bfc062723c751e8b465ee728b) [FMOD] Cannot find integration settings, creating default settings
UnityEngine.StackTraceUtility:ExtractStackTrace ()
UnityEngine.DebugLogHandler:LogFormat (UnityEngine.LogType,UnityEngine.Object,string,object[])
UnityEngine.Logger:Log (UnityEngine.LogType,object)
UnityEngine.Debug:Log (object)
FMODUnity.RuntimeUtils:DebugLog (string) (at Assets/Plugins/FMOD/src/RuntimeUtils.cs:542)
FMODUnity.Settings:Initialize () (at Assets/Plugins/FMOD/src/Settings.cs:271)
FMODUnity.Settings:get_Instance () (at Assets/Plugins/FMOD/src/Settings.cs:255)
FMODUnity.EditorSettings:CanBuildTarget (UnityEditor.BuildTarget,FMODUnity.Platform/BinaryType,string&) (at Assets/Plugins/FMOD/src/Editor/EditorSettings.cs:444)
FMODUnity.EditorSettings:CheckActiveBuildTarget () (at Assets/Plugins/FMOD/src/Editor/EditorSettings.cs:662)
FMODUnity.Settings:OnEnable () (at Assets/Plugins/FMOD/src/Settings.cs:622)

(Filename: Assets/Plugins/FMOD/src/RuntimeUtils.cs Line: 542)

[FMOD] Cannot find properties for platform default, creating default properties
UnityEngine.StackTraceUtility:ExtractStackTrace ()
UnityEngine.DebugLogHandler:LogFormat (UnityEngine.LogType,UnityEngine.Object,string,object[])
UnityEngine.Logger:LogFormat (UnityEngine.LogType,string,object[])
UnityEngine.Debug:LogFormat (string,object[])
FMODUnity.RuntimeUtils:DebugLogFormat (string,object[]) (at Assets/Plugins/FMOD/src/RuntimeUtils.cs:550)
FMODUnity.EditorSettings:AffirmPlatformProperties (FMODUnity.Platform) (at Assets/Plugins/FMOD/src/Editor/EditorSettings.cs:429)
FMODUnity.EditorSettings:AddMissingPlatforms () (at Assets/Plugins/FMOD/src/Editor/EditorSettings.cs:179)
FMODUnity.Settings:OnEnable () (at Assets/Plugins/FMOD/src/Settings.cs:606)
UnityEngine.ScriptableObject:CreateInstance (System.Type)
UnityEngine.ScriptableObject:CreateInstance<FMODUnity.Settings> ()
FMODUnity.Settings:Initialize () (at Assets/Plugins/FMOD/src/Settings.cs:272)
FMODUnity.Settings:get_Instance () (at Assets/Plugins/FMOD/src/Settings.cs:255)
FMODUnity.EditorSettings:CanBuildTarget (UnityEditor.BuildTarget,FMODUnity.Platform/BinaryType,string&) (at Assets/Plugins/FMOD/src/Editor/EditorSettings.cs:444)
FMODUnity.EditorSettings:CheckActiveBuildTarget () (at Assets/Plugins/FMOD/src/Editor/EditorSettings.cs:662)
FMODUnity.Settings:OnEnable () (at Assets/Plugins/FMOD/src/Settings.cs:622)

(Filename: Assets/Plugins/FMOD/src/RuntimeUtils.cs Line: 550)

[FMOD] Cannot find properties for platform playInEditor, creating default properties
UnityEngine.StackTraceUtility:ExtractStackTrace ()
UnityEngine.DebugLogHandler:LogFormat (UnityEngine.LogType,UnityEngine.Object,string,object[])
UnityEngine.Logger:LogFormat (UnityEngine.LogType,string,object[])
UnityEngine.Debug:LogFormat (string,object[])
FMODUnity.RuntimeUtils:DebugLogFormat (string,object[]) (at Assets/Plugins/FMOD/src/RuntimeUtils.cs:550)
FMODUnity.EditorSettings:AffirmPlatformProperties (FMODUnity.Platform) (at Assets/Plugins/FMOD/src/Editor/EditorSettings.cs:429)
FMODUnity.EditorSettings:AddMissingPlatforms () (at Assets/Plugins/FMOD/src/Editor/EditorSettings.cs:180)
FMODUnity.Settings:OnEnable () (at Assets/Plugins/FMOD/src/Settings.cs:606)
UnityEngine.ScriptableObject:CreateInstance (System.Type)
UnityEngine.ScriptableObject:CreateInstance<FMODUnity.Settings> ()
FMODUnity.Settings:Initialize () (at Assets/Plugins/FMOD/src/Settings.cs:272)
FMODUnity.Settings:get_Instance () (at Assets/Plugins/FMOD/src/Settings.cs:255)
FMODUnity.EditorSettings:CanBuildTarget (UnityEditor.BuildTarget,FMODUnity.Platform/BinaryType,string&) (at Assets/Plugins/FMOD/src/Editor/EditorSettings.cs:444)
FMODUnity.EditorSettings:CheckActiveBuildTarget () (at Assets/Plugins/FMOD/src/Editor/EditorSettings.cs:662)
FMODUnity.Settings:OnEnable () (at Assets/Plugins/FMOD/src/Settings.cs:622)

(Filename: Assets/Plugins/FMOD/src/RuntimeUtils.cs Line: 550)

Settings instance has not been initialized. Unable to continue build.
UnityEngine.StackTraceUtility:ExtractStackTrace ()
UnityEngine.DebugLogHandler:LogFormat (UnityEngine.LogType,UnityEngine.Object,string,object[])
UnityEngine.Logger:Log (UnityEngine.LogType,object)
UnityEngine.Debug:LogWarning (object)
FMODUnity.RuntimeUtils:DebugLogWarning (string) (at Assets/Plugins/FMOD/src/RuntimeUtils.cs:558)
FMODUnity.EditorSettings:CheckActiveBuildTarget () (at Assets/Plugins/FMOD/src/Editor/EditorSettings.cs:664)
FMODUnity.Settings:OnEnable () (at Assets/Plugins/FMOD/src/Settings.cs:622)
UnityEngine.ScriptableObject:CreateInstance (System.Type)
UnityEngine.ScriptableObject:CreateInstance<FMODUnity.Settings> ()
FMODUnity.Settings:Initialize () (at Assets/Plugins/FMOD/src/Settings.cs:272)
FMODUnity.Settings:get_Instance () (at Assets/Plugins/FMOD/src/Settings.cs:255)
FMODUnity.EditorSettings:CanBuildTarget (UnityEditor.BuildTarget,FMODUnity.Platform/BinaryType,string&) (at Assets/Plugins/FMOD/src/Editor/EditorSettings.cs:444)
FMODUnity.EditorSettings:CheckActiveBuildTarget () (at Assets/Plugins/FMOD/src/Editor/EditorSettings.cs:662)
FMODUnity.Settings:OnEnable () (at Assets/Plugins/FMOD/src/Settings.cs:622)

(Filename: Assets/Plugins/FMOD/src/RuntimeUtils.cs Line: 558)

CreateSerializedAsset is not supported while importing out-of-process
UnityEngine.StackTraceUtility:ExtractStackTrace ()
FMODUnity.EditorSettings:CreateSettingsAsset (string) (at Assets/Plugins/FMOD/src/Editor/EditorSettings.cs:69)
FMODUnity.Settings:Initialize () (at Assets/Plugins/FMOD/src/Settings.cs:280)
FMODUnity.Settings:get_Instance () (at Assets/Plugins/FMOD/src/Settings.cs:255)
FMODUnity.EditorSettings:CanBuildTarget (UnityEditor.BuildTarget,FMODUnity.Platform/BinaryType,string&) (at Assets/Plugins/FMOD/src/Editor/EditorSettings.cs:444)
FMODUnity.EditorSettings:CheckActiveBuildTarget () (at Assets/Plugins/FMOD/src/Editor/EditorSettings.cs:662)
FMODUnity.Settings:OnEnable () (at Assets/Plugins/FMOD/src/Settings.cs:622)

[Assets/Plugins/FMOD/src/Editor/EditorSettings.cs line 69]

UnityException: Creating asset at path Assets/Plugins/FMOD/Resources/FMODStudioSettings.asset failed.
  at (wrapper managed-to-native) UnityEditor.AssetDatabase.CreateAsset(UnityEngine.Object,string)
  at FMODUnity.EditorSettings.CreateSettingsAsset (System.String assetName) [0x00030] in C:\Users\shoot\OneDrive\Documents\GitHub\Balena-To-Sirus\Balena to Sirus\Assets\Plugins\FMOD\src\Editor\EditorSettings.cs:69 
  at FMODUnity.Settings.Initialize () [0x0008e] in C:\Users\shoot\OneDrive\Documents\GitHub\Balena-To-Sirus\Balena to Sirus\Assets\Plugins\FMOD\src\Settings.cs:280 
  at FMODUnity.Settings.get_Instance () [0x0000f] in C:\Users\shoot\OneDrive\Documents\GitHub\Balena-To-Sirus\Balena to Sirus\Assets\Plugins\FMOD\src\Settings.cs:255 
  at FMODUnity.EditorSettings.CanBuildTarget (UnityEditor.BuildTarget target, FMODUnity.Platform+BinaryType binaryType, System.String& error) [0x00001] in C:\Users\shoot\OneDrive\Documents\GitHub\Balena-To-Sirus\Balena to Sirus\Assets\Plugins\FMOD\src\Editor\EditorSettings.cs:444 
  at FMODUnity.EditorSettings.CheckActiveBuildTarget () [0x00018] in C:\Users\shoot\OneDrive\Documents\GitHub\Balena-To-Sirus\Balena to Sirus\Assets\Plugins\FMOD\src\Editor\EditorSettings.cs:662 
  at FMODUnity.Settings.OnEnable () [0x001a1] in C:\Users\shoot\OneDrive\Documents\GitHub\Balena-To-Sirus\Balena to Sirus\Assets\Plugins\FMOD\src\Settings.cs:622 

(Filename: Assets/Plugins/FMOD/src/Editor/EditorSettings.cs Line: 69)

 -> (artifact id: 'e22224dd7fe93339fb19259965f7f0c6') in 0.047402 seconds 
========================================================================
Received Prepare
Registering precompiled user dll's ...
Registered in 0.008267 seconds.
Begin MonoManager ReloadAssembly
Symbol file LoadedFromMemory doesn't match image C:\Users\shoot\OneDrive\Documents\GitHub\Balena-To-Sirus\Balena to Sirus\Library\PackageCache\com.unity.visualscripting@1.7.6\Editor\VisualScripting.Core\Dependencies\DotNetZip\Unity.VisualScripting.IonicZip.dll
Symbol file LoadedFromMemory doesn't match image C:\Users\shoot\OneDrive\Documents\GitHub\Balena-To-Sirus\Balena to Sirus\Library\PackageCache\com.unity.visualscripting@1.7.6\Editor\VisualScripting.Core\Dependencies\YamlDotNet\Unity.VisualScripting.YamlDotNet.dll
Native extension for WindowsStandalone target not found
Refreshing native plugins compatible for Editor in 1.76 ms, found 5 plugins.
Preloading 0 native plugins for Editor in 0.00 ms.
Mono: successfully reloaded assembly
- Completed reload, in  1.560 seconds
Domain Reload Profiling:
	ReloadAssembly (1561ms)
		BeginReloadAssembly (179ms)
			ExecutionOrderSort (0ms)
			DisableScriptedObjects (8ms)
			BackupInstance (0ms)
			ReleaseScriptingObjects (1ms)
			CreateAndSetChildDomain (57ms)
		EndReloadAssembly (1240ms)
			LoadAssemblies (99ms)
			RebuildTransferFunctionScriptingTraits (0ms)
			SetupTypeCache (403ms)
			ReleaseScriptCaches (2ms)
			RebuildScriptCaches (76ms)
			SetupLoadedEditorAssemblies (572ms)
				LogAssemblyErrors (0ms)
				InitializePlatformSupportModulesInManaged (34ms)
				SetLoadedEditorAssemblies (1ms)
				RefreshPlugins (2ms)
				BeforeProcessingInitializeOnLoad (115ms)
				ProcessInitializeOnLoadAttributes (373ms)
				ProcessInitializeOnLoadMethodAttributes (39ms)
				AfterProcessingInitializeOnLoad (8ms)
				EditorAssembliesLoaded (0ms)
			ExecutionOrderSort2 (0ms)
			AwakeInstancesAfterBackupRestoration (8ms)
Platform modules already initialized, skipping
Refreshing native plugins compatible for Editor in 10.68 ms, found 5 plugins.
Preloading 0 native plugins for Editor in 0.00 ms.
Unloading 3501 Unused Serialized files (Serialized files now loaded: 0)
Unloading 86 unused Assets / (1.2 MB). Loaded Objects now: 3958.
Memory consumption went from 130.4 MB to 129.1 MB.
Total: 5.233100 ms (FindLiveObjects: 0.435400 ms CreateObjectMapping: 0.189600 ms MarkObjects: 4.081600 ms  DeleteObjects: 0.522900 ms)

AssetImportParameters requested are different than current active one (requested -> active):
  custom:video-decoder-ogg-theora: a1e56fd34408186e4bbccfd4996cb3dc -> 
  custom:container-muxer-webm: aa71ff27fc2769a1b78a27578f13a17b -> 
  custom:container-demuxer-webm: 4f35f7cbe854078d1ac9338744f61a02 -> 
  custom:video-encoder-webm-vp8: eb34c28f22e8b96e1ab97ce403110664 -> 
  custom:video-codec-MediaFoundation-h265: 746d11721c4dcdbdad8f713fa42b33f4 -> 
  custom:audio-encoder-webm-vorbis: bf7c407c2cedff20999df2af8eb42d56 -> 
  custom:framework-win-MediaFoundation: 216162199b28c13a410421893ffa2e32 -> 
  custom:container-demuxer-ogg: 62fdf1f143b41e24485cea50d1cbac27 -> 
  custom:video-decoder-webm-vp8: 9c59270c3fd7afecdb556c50c9e8de78 -> 
  custom:audio-decoder-ogg-vorbis: bf7c407c2cedff20999df2af8eb42d56 -> 
========================================================================
Received Prepare
Registering precompiled user dll's ...
Registered in 0.009906 seconds.
Begin MonoManager ReloadAssembly
Symbol file LoadedFromMemory doesn't match image C:\Users\shoot\OneDrive\Documents\GitHub\Balena-To-Sirus\Balena to Sirus\Library\PackageCache\com.unity.visualscripting@1.7.6\Editor\VisualScripting.Core\Dependencies\DotNetZip\Unity.VisualScripting.IonicZip.dll
Symbol file LoadedFromMemory doesn't match image C:\Users\shoot\OneDrive\Documents\GitHub\Balena-To-Sirus\Balena to Sirus\Library\PackageCache\com.unity.visualscripting@1.7.6\Editor\VisualScripting.Core\Dependencies\YamlDotNet\Unity.VisualScripting.YamlDotNet.dll
Native extension for WindowsStandalone target not found
Refreshing native plugins compatible for Editor in 1.63 ms, found 5 plugins.
Preloading 0 native plugins for Editor in 0.00 ms.
Mono: successfully reloaded assembly
- Completed reload, in  1.500 seconds
Domain Reload Profiling:
	ReloadAssembly (1501ms)
		BeginReloadAssembly (161ms)
			ExecutionOrderSort (0ms)
			DisableScriptedObjects (8ms)
			BackupInstance (0ms)
			ReleaseScriptingObjects (0ms)
			CreateAndSetChildDomain (49ms)
		EndReloadAssembly (1218ms)
			LoadAssemblies (87ms)
			RebuildTransferFunctionScriptingTraits (0ms)
			SetupTypeCache (380ms)
			ReleaseScriptCaches (2ms)
			RebuildScriptCaches (90ms)
			SetupLoadedEditorAssemblies (539ms)
				LogAssemblyErrors (0ms)
				InitializePlatformSupportModulesInManaged (18ms)
				SetLoadedEditorAssemblies (1ms)
				RefreshPlugins (2ms)
				BeforeProcessingInitializeOnLoad (89ms)
				ProcessInitializeOnLoadAttributes (376ms)
				ProcessInitializeOnLoadMethodAttributes (43ms)
				AfterProcessingInitializeOnLoad (10ms)
				EditorAssembliesLoaded (1ms)
			ExecutionOrderSort2 (0ms)
			AwakeInstancesAfterBackupRestoration (13ms)
Platform modules already initialized, skipping
Refreshing native plugins compatible for Editor in 14.62 ms, found 5 plugins.
Preloading 0 native plugins for Editor in 0.00 ms.
Unloading 3501 Unused Serialized files (Serialized files now loaded: 0)
Unloading 86 unused Assets / (1.2 MB). Loaded Objects now: 3960.
Memory consumption went from 130.4 MB to 129.1 MB.
Total: 4.362000 ms (FindLiveObjects: 0.284400 ms CreateObjectMapping: 0.129600 ms MarkObjects: 3.741600 ms  DeleteObjects: 0.204700 ms)

AssetImportParameters requested are different than current active one (requested -> active):
  custom:video-decoder-ogg-theora: a1e56fd34408186e4bbccfd4996cb3dc -> 
  custom:container-muxer-webm: aa71ff27fc2769a1b78a27578f13a17b -> 
  custom:container-demuxer-webm: 4f35f7cbe854078d1ac9338744f61a02 -> 
  custom:video-encoder-webm-vp8: eb34c28f22e8b96e1ab97ce403110664 -> 
  custom:video-codec-MediaFoundation-h265: 746d11721c4dcdbdad8f713fa42b33f4 -> 
  custom:audio-encoder-webm-vorbis: bf7c407c2cedff20999df2af8eb42d56 -> 
  custom:framework-win-MediaFoundation: 216162199b28c13a410421893ffa2e32 -> 
  custom:container-demuxer-ogg: 62fdf1f143b41e24485cea50d1cbac27 -> 
  custom:video-decoder-webm-vp8: 9c59270c3fd7afecdb556c50c9e8de78 -> 
  custom:audio-decoder-ogg-vorbis: bf7c407c2cedff20999df2af8eb42d56 -> 
========================================================================
Received Import Request.
  Time since last request: 139.694406 seconds.
  path: Assets/Plugins/FMOD/Resources/FMODStudioSettings.asset
  artifactKey: Guid(1282c732af19b424f90196659467399d) Importer(815301076,1909f56bfc062723c751e8b465ee728b)
Start importing Assets/Plugins/FMOD/Resources/FMODStudioSettings.asset using Guid(1282c732af19b424f90196659467399d) Importer(815301076,1909f56bfc062723c751e8b465ee728b) [FMOD] Cannot find integration settings, creating default settings
UnityEngine.StackTraceUtility:ExtractStackTrace ()
UnityEngine.DebugLogHandler:LogFormat (UnityEngine.LogType,UnityEngine.Object,string,object[])
UnityEngine.Logger:Log (UnityEngine.LogType,object)
UnityEngine.Debug:Log (object)
FMODUnity.RuntimeUtils:DebugLog (string) (at Assets/Plugins/FMOD/src/RuntimeUtils.cs:542)
FMODUnity.Settings:Initialize () (at Assets/Plugins/FMOD/src/Settings.cs:271)
FMODUnity.Settings:get_Instance () (at Assets/Plugins/FMOD/src/Settings.cs:255)
FMODUnity.EditorSettings:CanBuildTarget (UnityEditor.BuildTarget,FMODUnity.Platform/BinaryType,string&) (at Assets/Plugins/FMOD/src/Editor/EditorSettings.cs:444)
FMODUnity.EditorSettings:CheckActiveBuildTarget () (at Assets/Plugins/FMOD/src/Editor/EditorSettings.cs:662)
FMODUnity.Settings:OnEnable () (at Assets/Plugins/FMOD/src/Settings.cs:622)

(Filename: Assets/Plugins/FMOD/src/RuntimeUtils.cs Line: 542)

[FMOD] Cannot find properties for platform default, creating default properties
UnityEngine.StackTraceUtility:ExtractStackTrace ()
UnityEngine.DebugLogHandler:LogFormat (UnityEngine.LogType,UnityEngine.Object,string,object[])
UnityEngine.Logger:LogFormat (UnityEngine.LogType,string,object[])
UnityEngine.Debug:LogFormat (string,object[])
FMODUnity.RuntimeUtils:DebugLogFormat (string,object[]) (at Assets/Plugins/FMOD/src/RuntimeUtils.cs:550)
FMODUnity.EditorSettings:AffirmPlatformProperties (FMODUnity.Platform) (at Assets/Plugins/FMOD/src/Editor/EditorSettings.cs:429)
FMODUnity.EditorSettings:AddMissingPlatforms () (at Assets/Plugins/FMOD/src/Editor/EditorSettings.cs:179)
FMODUnity.Settings:OnEnable () (at Assets/Plugins/FMOD/src/Settings.cs:606)
UnityEngine.ScriptableObject:CreateInstance (System.Type)
UnityEngine.ScriptableObject:CreateInstance<FMODUnity.Settings> ()
FMODUnity.Settings:Initialize () (at Assets/Plugins/FMOD/src/Settings.cs:272)
FMODUnity.Settings:get_Instance () (at Assets/Plugins/FMOD/src/Settings.cs:255)
FMODUnity.EditorSettings:CanBuildTarget (UnityEditor.BuildTarget,FMODUnity.Platform/BinaryType,string&) (at Assets/Plugins/FMOD/src/Editor/EditorSettings.cs:444)
FMODUnity.EditorSettings:CheckActiveBuildTarget () (at Assets/Plugins/FMOD/src/Editor/EditorSettings.cs:662)
FMODUnity.Settings:OnEnable () (at Assets/Plugins/FMOD/src/Settings.cs:622)

(Filename: Assets/Plugins/FMOD/src/RuntimeUtils.cs Line: 550)

[FMOD] Cannot find properties for platform playInEditor, creating default properties
UnityEngine.StackTraceUtility:ExtractStackTrace ()
UnityEngine.DebugLogHandler:LogFormat (UnityEngine.LogType,UnityEngine.Object,string,object[])
UnityEngine.Logger:LogFormat (UnityEngine.LogType,string,object[])
UnityEngine.Debug:LogFormat (string,object[])
FMODUnity.RuntimeUtils:DebugLogFormat (string,object[]) (at Assets/Plugins/FMOD/src/RuntimeUtils.cs:550)
FMODUnity.EditorSettings:AffirmPlatformProperties (FMODUnity.Platform) (at Assets/Plugins/FMOD/src/Editor/EditorSettings.cs:429)
FMODUnity.EditorSettings:AddMissingPlatforms () (at Assets/Plugins/FMOD/src/Editor/EditorSettings.cs:180)
FMODUnity.Settings:OnEnable () (at Assets/Plugins/FMOD/src/Settings.cs:606)
UnityEngine.ScriptableObject:CreateInstance (System.Type)
UnityEngine.ScriptableObject:CreateInstance<FMODUnity.Settings> ()
FMODUnity.Settings:Initialize () (at Assets/Plugins/FMOD/src/Settings.cs:272)
FMODUnity.Settings:get_Instance () (at Assets/Plugins/FMOD/src/Settings.cs:255)
FMODUnity.EditorSettings:CanBuildTarget (UnityEditor.BuildTarget,FMODUnity.Platform/BinaryType,string&) (at Assets/Plugins/FMOD/src/Editor/EditorSettings.cs:444)
FMODUnity.EditorSettings:CheckActiveBuildTarget () (at Assets/Plugins/FMOD/src/Editor/EditorSettings.cs:662)
FMODUnity.Settings:OnEnable () (at Assets/Plugins/FMOD/src/Settings.cs:622)

(Filename: Assets/Plugins/FMOD/src/RuntimeUtils.cs Line: 550)

Settings instance has not been initialized. Unable to continue build.
UnityEngine.StackTraceUtility:ExtractStackTrace ()
UnityEngine.DebugLogHandler:LogFormat (UnityEngine.LogType,UnityEngine.Object,string,object[])
UnityEngine.Logger:Log (UnityEngine.LogType,object)
UnityEngine.Debug:LogWarning (object)
FMODUnity.RuntimeUtils:DebugLogWarning (string) (at Assets/Plugins/FMOD/src/RuntimeUtils.cs:558)
FMODUnity.EditorSettings:CheckActiveBuildTarget () (at Assets/Plugins/FMOD/src/Editor/EditorSettings.cs:664)
FMODUnity.Settings:OnEnable () (at Assets/Plugins/FMOD/src/Settings.cs:622)
UnityEngine.ScriptableObject:CreateInstance (System.Type)
UnityEngine.ScriptableObject:CreateInstance<FMODUnity.Settings> ()
FMODUnity.Settings:Initialize () (at Assets/Plugins/FMOD/src/Settings.cs:272)
FMODUnity.Settings:get_Instance () (at Assets/Plugins/FMOD/src/Settings.cs:255)
FMODUnity.EditorSettings:CanBuildTarget (UnityEditor.BuildTarget,FMODUnity.Platform/BinaryType,string&) (at Assets/Plugins/FMOD/src/Editor/EditorSettings.cs:444)
FMODUnity.EditorSettings:CheckActiveBuildTarget () (at Assets/Plugins/FMOD/src/Editor/EditorSettings.cs:662)
FMODUnity.Settings:OnEnable () (at Assets/Plugins/FMOD/src/Settings.cs:622)

(Filename: Assets/Plugins/FMOD/src/RuntimeUtils.cs Line: 558)

CreateSerializedAsset is not supported while importing out-of-process
UnityEngine.StackTraceUtility:ExtractStackTrace ()
FMODUnity.EditorSettings:CreateSettingsAsset (string) (at Assets/Plugins/FMOD/src/Editor/EditorSettings.cs:69)
FMODUnity.Settings:Initialize () (at Assets/Plugins/FMOD/src/Settings.cs:280)
FMODUnity.Settings:get_Instance () (at Assets/Plugins/FMOD/src/Settings.cs:255)
FMODUnity.EditorSettings:CanBuildTarget (UnityEditor.BuildTarget,FMODUnity.Platform/BinaryType,string&) (at Assets/Plugins/FMOD/src/Editor/EditorSettings.cs:444)
FMODUnity.EditorSettings:CheckActiveBuildTarget () (at Assets/Plugins/FMOD/src/Editor/EditorSettings.cs:662)
FMODUnity.Settings:OnEnable () (at Assets/Plugins/FMOD/src/Settings.cs:622)

[Assets/Plugins/FMOD/src/Editor/EditorSettings.cs line 69]

UnityException: Creating asset at path Assets/Plugins/FMOD/Resources/FMODStudioSettings.asset failed.
  at (wrapper managed-to-native) UnityEditor.AssetDatabase.CreateAsset(UnityEngine.Object,string)
  at FMODUnity.EditorSettings.CreateSettingsAsset (System.String assetName) [0x00030] in C:\Users\shoot\OneDrive\Documents\GitHub\Balena-To-Sirus\Balena to Sirus\Assets\Plugins\FMOD\src\Editor\EditorSettings.cs:69 
  at FMODUnity.Settings.Initialize () [0x0008e] in C:\Users\shoot\OneDrive\Documents\GitHub\Balena-To-Sirus\Balena to Sirus\Assets\Plugins\FMOD\src\Settings.cs:280 
  at FMODUnity.Settings.get_Instance () [0x0000f] in C:\Users\shoot\OneDrive\Documents\GitHub\Balena-To-Sirus\Balena to Sirus\Assets\Plugins\FMOD\src\Settings.cs:255 
  at FMODUnity.EditorSettings.CanBuildTarget (UnityEditor.BuildTarget target, FMODUnity.Platform+BinaryType binaryType, System.String& error) [0x00001] in C:\Users\shoot\OneDrive\Documents\GitHub\Balena-To-Sirus\Balena to Sirus\Assets\Plugins\FMOD\src\Editor\EditorSettings.cs:444 
  at FMODUnity.EditorSettings.CheckActiveBuildTarget () [0x00018] in C:\Users\shoot\OneDrive\Documents\GitHub\Balena-To-Sirus\Balena to Sirus\Assets\Plugins\FMOD\src\Editor\EditorSettings.cs:662 
  at FMODUnity.Settings.OnEnable () [0x001a1] in C:\Users\shoot\OneDrive\Documents\GitHub\Balena-To-Sirus\Balena to Sirus\Assets\Plugins\FMOD\src\Settings.cs:622 

(Filename: Assets/Plugins/FMOD/src/Editor/EditorSettings.cs Line: 69)

 -> (artifact id: '245cd68506c8b7b427ad9bf036f498d6') in 0.077920 seconds 
========================================================================
Received Import Request.
  Time since last request: 173.421323 seconds.
  path: Assets/Plugins/FMOD/FMODUnity.asmdef
  artifactKey: Guid(0c752da273b17c547ae705acf0f2adf2) Importer(815301076,1909f56bfc062723c751e8b465ee728b)
Start importing Assets/Plugins/FMOD/FMODUnity.asmdef using Guid(0c752da273b17c547ae705acf0f2adf2) Importer(815301076,1909f56bfc062723c751e8b465ee728b)  -> (artifact id: 'a37afe973d0babe677250b699af65666') in 0.016072 seconds 
========================================================================
Received Import Request.
  Time since last request: 20.344728 seconds.
  path: Assets/Scripts/UI/Pause.cs
  artifactKey: Guid(89475a9f675f74842998b6f403e65978) Importer(815301076,1909f56bfc062723c751e8b465ee728b)
Start importing Assets/Scripts/UI/Pause.cs using Guid(89475a9f675f74842998b6f403e65978) Importer(815301076,1909f56bfc062723c751e8b465ee728b)  -> (artifact id: 'c7e2c941d798add4f45a95b1d8047534') in 0.017192 seconds 
========================================================================
Received Prepare
Registering precompiled user dll's ...
Registered in 0.008661 seconds.
Begin MonoManager ReloadAssembly
Symbol file LoadedFromMemory doesn't match image C:\Users\shoot\OneDrive\Documents\GitHub\Balena-To-Sirus\Balena to Sirus\Library\PackageCache\com.unity.visualscripting@1.7.6\Editor\VisualScripting.Core\Dependencies\DotNetZip\Unity.VisualScripting.IonicZip.dll
Symbol file LoadedFromMemory doesn't match image C:\Users\shoot\OneDrive\Documents\GitHub\Balena-To-Sirus\Balena to Sirus\Library\PackageCache\com.unity.visualscripting@1.7.6\Editor\VisualScripting.Core\Dependencies\YamlDotNet\Unity.VisualScripting.YamlDotNet.dll
Native extension for WindowsStandalone target not found
Refreshing native plugins compatible for Editor in 1.77 ms, found 5 plugins.
Preloading 0 native plugins for Editor in 0.00 ms.
Mono: successfully reloaded assembly
- Completed reload, in  1.519 seconds
Domain Reload Profiling:
	ReloadAssembly (1520ms)
		BeginReloadAssembly (185ms)
			ExecutionOrderSort (0ms)
			DisableScriptedObjects (6ms)
			BackupInstance (0ms)
			ReleaseScriptingObjects (0ms)
			CreateAndSetChildDomain (58ms)
		EndReloadAssembly (1220ms)
			LoadAssemblies (105ms)
			RebuildTransferFunctionScriptingTraits (0ms)
			SetupTypeCache (426ms)
			ReleaseScriptCaches (2ms)
			RebuildScriptCaches (70ms)
			SetupLoadedEditorAssemblies (556ms)
				LogAssemblyErrors (0ms)
				InitializePlatformSupportModulesInManaged (20ms)
				SetLoadedEditorAssemblies (1ms)
				RefreshPlugins (2ms)
				BeforeProcessingInitializeOnLoad (109ms)
				ProcessInitializeOnLoadAttributes (364ms)
				ProcessInitializeOnLoadMethodAttributes (53ms)
				AfterProcessingInitializeOnLoad (7ms)
				EditorAssembliesLoaded (0ms)
			ExecutionOrderSort2 (0ms)
			AwakeInstancesAfterBackupRestoration (6ms)
Platform modules already initialized, skipping
Refreshing native plugins compatible for Editor in 17.00 ms, found 5 plugins.
Preloading 0 native plugins for Editor in 0.00 ms.
Unloading 3501 Unused Serialized files (Serialized files now loaded: 0)
Unloading 86 unused Assets / (1.2 MB). Loaded Objects now: 3974.
Memory consumption went from 130.4 MB to 129.2 MB.
Total: 6.282500 ms (FindLiveObjects: 0.354100 ms CreateObjectMapping: 0.177200 ms MarkObjects: 5.465800 ms  DeleteObjects: 0.283200 ms)

AssetImportParameters requested are different than current active one (requested -> active):
  custom:video-decoder-ogg-theora: a1e56fd34408186e4bbccfd4996cb3dc -> 
  custom:container-muxer-webm: aa71ff27fc2769a1b78a27578f13a17b -> 
  custom:container-demuxer-webm: 4f35f7cbe854078d1ac9338744f61a02 -> 
  custom:video-encoder-webm-vp8: eb34c28f22e8b96e1ab97ce403110664 -> 
  custom:video-codec-MediaFoundation-h265: 746d11721c4dcdbdad8f713fa42b33f4 -> 
  custom:audio-encoder-webm-vorbis: bf7c407c2cedff20999df2af8eb42d56 -> 
  custom:framework-win-MediaFoundation: 216162199b28c13a410421893ffa2e32 -> 
  custom:container-demuxer-ogg: 62fdf1f143b41e24485cea50d1cbac27 -> 
  custom:video-decoder-webm-vp8: 9c59270c3fd7afecdb556c50c9e8de78 -> 
  custom:audio-decoder-ogg-vorbis: bf7c407c2cedff20999df2af8eb42d56 -> 
========================================================================
Received Prepare
Registering precompiled user dll's ...
Registered in 0.008349 seconds.
Begin MonoManager ReloadAssembly
Symbol file LoadedFromMemory doesn't match image C:\Users\shoot\OneDrive\Documents\GitHub\Balena-To-Sirus\Balena to Sirus\Library\PackageCache\com.unity.visualscripting@1.7.6\Editor\VisualScripting.Core\Dependencies\DotNetZip\Unity.VisualScripting.IonicZip.dll
Symbol file LoadedFromMemory doesn't match image C:\Users\shoot\OneDrive\Documents\GitHub\Balena-To-Sirus\Balena to Sirus\Library\PackageCache\com.unity.visualscripting@1.7.6\Editor\VisualScripting.Core\Dependencies\YamlDotNet\Unity.VisualScripting.YamlDotNet.dll
Native extension for WindowsStandalone target not found
Refreshing native plugins compatible for Editor in 1.24 ms, found 5 plugins.
Preloading 0 native plugins for Editor in 0.00 ms.
Mono: successfully reloaded assembly
- Completed reload, in  1.599 seconds
Domain Reload Profiling:
	ReloadAssembly (1601ms)
		BeginReloadAssembly (197ms)
			ExecutionOrderSort (0ms)
			DisableScriptedObjects (7ms)
			BackupInstance (0ms)
			ReleaseScriptingObjects (0ms)
			CreateAndSetChildDomain (59ms)
		EndReloadAssembly (1269ms)
			LoadAssemblies (106ms)
			RebuildTransferFunctionScriptingTraits (0ms)
			SetupTypeCache (368ms)
			ReleaseScriptCaches (2ms)
			RebuildScriptCaches (89ms)
			SetupLoadedEditorAssemblies (591ms)
				LogAssemblyErrors (0ms)
				InitializePlatformSupportModulesInManaged (27ms)
				SetLoadedEditorAssemblies (1ms)
				RefreshPlugins (1ms)
				BeforeProcessingInitializeOnLoad (114ms)
				ProcessInitializeOnLoadAttributes (402ms)
				ProcessInitializeOnLoadMethodAttributes (37ms)
				AfterProcessingInitializeOnLoad (8ms)
				EditorAssembliesLoaded (0ms)
			ExecutionOrderSort2 (0ms)
			AwakeInstancesAfterBackupRestoration (9ms)
Platform modules already initialized, skipping
Refreshing native plugins compatible for Editor in 19.82 ms, found 5 plugins.
Preloading 0 native plugins for Editor in 0.00 ms.
Unloading 3501 Unused Serialized files (Serialized files now loaded: 0)
Unloading 86 unused Assets / (1.2 MB). Loaded Objects now: 3976.
Memory consumption went from 130.4 MB to 129.2 MB.
Total: 6.139200 ms (FindLiveObjects: 0.313400 ms CreateObjectMapping: 0.127000 ms MarkObjects: 5.453800 ms  DeleteObjects: 0.242700 ms)

AssetImportParameters requested are different than current active one (requested -> active):
  custom:video-decoder-ogg-theora: a1e56fd34408186e4bbccfd4996cb3dc -> 
  custom:container-muxer-webm: aa71ff27fc2769a1b78a27578f13a17b -> 
  custom:container-demuxer-webm: 4f35f7cbe854078d1ac9338744f61a02 -> 
  custom:video-encoder-webm-vp8: eb34c28f22e8b96e1ab97ce403110664 -> 
  custom:video-codec-MediaFoundation-h265: 746d11721c4dcdbdad8f713fa42b33f4 -> 
  custom:audio-encoder-webm-vorbis: bf7c407c2cedff20999df2af8eb42d56 -> 
  custom:framework-win-MediaFoundation: 216162199b28c13a410421893ffa2e32 -> 
  custom:container-demuxer-ogg: 62fdf1f143b41e24485cea50d1cbac27 -> 
  custom:video-decoder-webm-vp8: 9c59270c3fd7afecdb556c50c9e8de78 -> 
  custom:audio-decoder-ogg-vorbis: bf7c407c2cedff20999df2af8eb42d56 -> 
========================================================================
Received Prepare
Registering precompiled user dll's ...
Registered in 0.007136 seconds.
Begin MonoManager ReloadAssembly
Symbol file LoadedFromMemory doesn't match image C:\Users\shoot\OneDrive\Documents\GitHub\Balena-To-Sirus\Balena to Sirus\Library\PackageCache\com.unity.visualscripting@1.7.6\Editor\VisualScripting.Core\Dependencies\DotNetZip\Unity.VisualScripting.IonicZip.dll
Symbol file LoadedFromMemory doesn't match image C:\Users\shoot\OneDrive\Documents\GitHub\Balena-To-Sirus\Balena to Sirus\Library\PackageCache\com.unity.visualscripting@1.7.6\Editor\VisualScripting.Core\Dependencies\YamlDotNet\Unity.VisualScripting.YamlDotNet.dll
Native extension for WindowsStandalone target not found
Refreshing native plugins compatible for Editor in 1.86 ms, found 5 plugins.
Preloading 0 native plugins for Editor in 0.00 ms.
Mono: successfully reloaded assembly
- Completed reload, in  1.459 seconds
Domain Reload Profiling:
	ReloadAssembly (1460ms)
		BeginReloadAssembly (175ms)
			ExecutionOrderSort (0ms)
			DisableScriptedObjects (8ms)
			BackupInstance (0ms)
			ReleaseScriptingObjects (0ms)
			CreateAndSetChildDomain (49ms)
		EndReloadAssembly (1166ms)
			LoadAssemblies (96ms)
			RebuildTransferFunctionScriptingTraits (0ms)
			SetupTypeCache (411ms)
			ReleaseScriptCaches (2ms)
			RebuildScriptCaches (66ms)
			SetupLoadedEditorAssemblies (507ms)
				LogAssemblyErrors (0ms)
				InitializePlatformSupportModulesInManaged (20ms)
				SetLoadedEditorAssemblies (1ms)
				RefreshPlugins (2ms)
				BeforeProcessingInitializeOnLoad (110ms)
				ProcessInitializeOnLoadAttributes (334ms)
				ProcessInitializeOnLoadMethodAttributes (31ms)
				AfterProcessingInitializeOnLoad (9ms)
				EditorAssembliesLoaded (0ms)
			ExecutionOrderSort2 (0ms)
			AwakeInstancesAfterBackupRestoration (10ms)
Platform modules already initialized, skipping
Refreshing native plugins compatible for Editor in 15.62 ms, found 5 plugins.
Preloading 0 native plugins for Editor in 0.00 ms.
Unloading 3501 Unused Serialized files (Serialized files now loaded: 0)
Unloading 86 unused Assets / (1.2 MB). Loaded Objects now: 3978.
Memory consumption went from 130.4 MB to 129.2 MB.
Total: 3.966200 ms (FindLiveObjects: 0.380600 ms CreateObjectMapping: 0.229100 ms MarkObjects: 3.113500 ms  DeleteObjects: 0.240600 ms)

AssetImportParameters requested are different than current active one (requested -> active):
  custom:video-decoder-ogg-theora: a1e56fd34408186e4bbccfd4996cb3dc -> 
  custom:container-muxer-webm: aa71ff27fc2769a1b78a27578f13a17b -> 
  custom:container-demuxer-webm: 4f35f7cbe854078d1ac9338744f61a02 -> 
  custom:video-encoder-webm-vp8: eb34c28f22e8b96e1ab97ce403110664 -> 
  custom:video-codec-MediaFoundation-h265: 746d11721c4dcdbdad8f713fa42b33f4 -> 
  custom:audio-encoder-webm-vorbis: bf7c407c2cedff20999df2af8eb42d56 -> 
  custom:framework-win-MediaFoundation: 216162199b28c13a410421893ffa2e32 -> 
  custom:container-demuxer-ogg: 62fdf1f143b41e24485cea50d1cbac27 -> 
  custom:video-decoder-webm-vp8: 9c59270c3fd7afecdb556c50c9e8de78 -> 
  custom:audio-decoder-ogg-vorbis: bf7c407c2cedff20999df2af8eb42d56 -> 
