Using pre-set license
Built from '2021.2/staging' branch; Version is '2021.2.12f1 (48b1aa000234) revision 4764074'; Using compiler version '192829333'; Build Type 'Release'
OS: 'Windows 11  (10.0.22621) 64bit Core' Language: 'en' Physical Memory: 16122 MB
BatchMode: 1, IsHumanControllingUs: 0, StartBugReporterOnCrash: 0, Is64bit: 1, IsPro: 0

COMMAND LINE ARGUMENTS:
C:\Program Files\Unity\Hub\Editor\2021.2.12f1\Editor\Unity.exe
-adb2
-batchMode
-noUpm
-name
AssetImportWorker1
-projectPath
C:/Users/shoot/OneDrive/Documents/GitHub/Balena-To-Sirus/Balena to Sirus
-logFile
Logs/AssetImportWorker1.log
-srvPort
59933
Successfully changed project path to: C:/Users/shoot/OneDrive/Documents/GitHub/Balena-To-Sirus/Balena to Sirus
C:/Users/shoot/OneDrive/Documents/GitHub/Balena-To-Sirus/Balena to Sirus
[UnityMemory] Configuration Parameters - Can be set up in boot.config
    "memorysetup-bucket-allocator-granularity=16"
    "memorysetup-bucket-allocator-bucket-count=8"
    "memorysetup-bucket-allocator-block-size=33554432"
    "memorysetup-bucket-allocator-block-count=8"
    "memorysetup-main-allocator-block-size=16777216"
    "memorysetup-thread-allocator-block-size=16777216"
    "memorysetup-gfx-main-allocator-block-size=16777216"
    "memorysetup-gfx-thread-allocator-block-size=16777216"
    "memorysetup-cache-allocator-block-size=4194304"
    "memorysetup-typetree-allocator-block-size=2097152"
    "memorysetup-profiler-bucket-allocator-granularity=16"
    "memorysetup-profiler-bucket-allocator-bucket-count=8"
    "memorysetup-profiler-bucket-allocator-block-size=33554432"
    "memorysetup-profiler-bucket-allocator-block-count=8"
    "memorysetup-profiler-allocator-block-size=16777216"
    "memorysetup-profiler-editor-allocator-block-size=1048576"
    "memorysetup-temp-allocator-size-main=16777216"
    "memorysetup-job-temp-allocator-block-size=2097152"
    "memorysetup-job-temp-allocator-block-size-background=1048576"
    "memorysetup-job-temp-allocator-reduction-small-platforms=262144"
    "memorysetup-temp-allocator-size-background-worker=32768"
    "memorysetup-temp-allocator-size-job-worker=262144"
    "memorysetup-temp-allocator-size-preload-manager=33554432"
    "memorysetup-temp-allocator-size-nav-mesh-worker=65536"
    "memorysetup-temp-allocator-size-audio-worker=65536"
    "memorysetup-temp-allocator-size-cloud-worker=32768"
    "memorysetup-temp-allocator-size-gi-baking-worker=262144"
    "memorysetup-temp-allocator-size-gfx=262144"
Refreshing native plugins compatible for Editor in 69.96 ms, found 5 plugins.
Preloading 0 native plugins for Editor in 0.00 ms.
Initialize engine version: 2021.2.12f1 (48b1aa000234)
[Subsystems] Discovering subsystems at path C:/Program Files/Unity/Hub/Editor/2021.2.12f1/Editor/Data/Resources/UnitySubsystems
[Subsystems] Discovering subsystems at path C:/Users/shoot/OneDrive/Documents/GitHub/Balena-To-Sirus/Balena to Sirus/Assets
GfxDevice: creating device client; threaded=0; jobified=0
Direct3D:
    Version:  Direct3D 11.0 [level 11.1]
    Renderer: NVIDIA GeForce RTX 3060 Laptop GPU (ID=0x2520)
    Vendor:   NVIDIA
    VRAM:     6023 MB
    Driver:   31.0.15.1720
Initialize mono
Mono path[0] = 'C:/Program Files/Unity/Hub/Editor/2021.2.12f1/Editor/Data/Managed'
Mono path[1] = 'C:/Program Files/Unity/Hub/Editor/2021.2.12f1/Editor/Data/MonoBleedingEdge/lib/mono/unityjit-win32'
Mono config path = 'C:/Program Files/Unity/Hub/Editor/2021.2.12f1/Editor/Data/MonoBleedingEdge/etc'
Using monoOptions --debugger-agent=transport=dt_socket,embedding=1,server=y,suspend=n,address=127.0.0.1:56788
Begin MonoManager ReloadAssembly
Registering precompiled unity dll's ...
Register platform support module: C:/Program Files/Unity/Hub/Editor/2021.2.12f1/Editor/Data/PlaybackEngines/WindowsStandaloneSupport/UnityEditor.WindowsStandalone.Extensions.dll
Registered in 0.004305 seconds.
Native extension for WindowsStandalone target not found
Refreshing native plugins compatible for Editor in 77.78 ms, found 5 plugins.
Preloading 0 native plugins for Editor in 0.00 ms.
Mono: successfully reloaded assembly
- Completed reload, in  0.575 seconds
Domain Reload Profiling:
	ReloadAssembly (575ms)
		BeginReloadAssembly (55ms)
			ExecutionOrderSort (0ms)
			DisableScriptedObjects (0ms)
			BackupInstance (0ms)
			ReleaseScriptingObjects (0ms)
			CreateAndSetChildDomain (1ms)
		EndReloadAssembly (427ms)
			LoadAssemblies (53ms)
			RebuildTransferFunctionScriptingTraits (0ms)
			SetupTypeCache (106ms)
			ReleaseScriptCaches (0ms)
			RebuildScriptCaches (30ms)
			SetupLoadedEditorAssemblies (248ms)
				LogAssemblyErrors (0ms)
				InitializePlatformSupportModulesInManaged (6ms)
				SetLoadedEditorAssemblies (0ms)
				RefreshPlugins (78ms)
				BeforeProcessingInitializeOnLoad (1ms)
				ProcessInitializeOnLoadAttributes (122ms)
				ProcessInitializeOnLoadMethodAttributes (42ms)
				AfterProcessingInitializeOnLoad (0ms)
				EditorAssembliesLoaded (0ms)
			ExecutionOrderSort2 (0ms)
			AwakeInstancesAfterBackupRestoration (0ms)
Platform modules already initialized, skipping
Registering precompiled user dll's ...
Registered in 0.004383 seconds.
Begin MonoManager ReloadAssembly
Symbol file LoadedFromMemory doesn't match image C:\Users\shoot\OneDrive\Documents\GitHub\Balena-To-Sirus\Balena to Sirus\Library\PackageCache\com.unity.visualscripting@1.7.6\Editor\VisualScripting.Core\Dependencies\DotNetZip\Unity.VisualScripting.IonicZip.dll
Symbol file LoadedFromMemory doesn't match image C:\Users\shoot\OneDrive\Documents\GitHub\Balena-To-Sirus\Balena to Sirus\Library\PackageCache\com.unity.visualscripting@1.7.6\Editor\VisualScripting.Core\Dependencies\YamlDotNet\Unity.VisualScripting.YamlDotNet.dll
Native extension for WindowsStandalone target not found
Refreshing native plugins compatible for Editor in 0.77 ms, found 5 plugins.
Preloading 0 native plugins for Editor in 0.00 ms.
Mono: successfully reloaded assembly
- Completed reload, in  0.984 seconds
Domain Reload Profiling:
	ReloadAssembly (985ms)
		BeginReloadAssembly (106ms)
			ExecutionOrderSort (0ms)
			DisableScriptedObjects (5ms)
			BackupInstance (0ms)
			ReleaseScriptingObjects (0ms)
			CreateAndSetChildDomain (17ms)
		EndReloadAssembly (775ms)
			LoadAssemblies (61ms)
			RebuildTransferFunctionScriptingTraits (0ms)
			SetupTypeCache (289ms)
			ReleaseScriptCaches (1ms)
			RebuildScriptCaches (49ms)
			SetupLoadedEditorAssemblies (331ms)
				LogAssemblyErrors (0ms)
				InitializePlatformSupportModulesInManaged (5ms)
				SetLoadedEditorAssemblies (0ms)
				RefreshPlugins (1ms)
				BeforeProcessingInitializeOnLoad (73ms)
				ProcessInitializeOnLoadAttributes (222ms)
				ProcessInitializeOnLoadMethodAttributes (24ms)
				AfterProcessingInitializeOnLoad (5ms)
				EditorAssembliesLoaded (0ms)
			ExecutionOrderSort2 (0ms)
			AwakeInstancesAfterBackupRestoration (5ms)
Platform modules already initialized, skipping
========================================================================
Worker process is ready to serve import requests
Launched and connected shader compiler UnityShaderCompiler.exe after 0.05 seconds
Refreshing native plugins compatible for Editor in 0.77 ms, found 5 plugins.
Preloading 0 native plugins for Editor in 0.00 ms.
Unloading 3376 Unused Serialized files (Serialized files now loaded: 0)
Unloading 81 unused Assets / (56.7 KB). Loaded Objects now: 3781.
Memory consumption went from 117.4 MB to 117.3 MB.
Total: 2.808900 ms (FindLiveObjects: 0.299700 ms CreateObjectMapping: 0.132000 ms MarkObjects: 2.293300 ms  DeleteObjects: 0.082600 ms)

AssetImportParameters requested are different than current active one (requested -> active):
  custom:video-decoder-ogg-theora: a1e56fd34408186e4bbccfd4996cb3dc -> 
  custom:container-muxer-webm: aa71ff27fc2769a1b78a27578f13a17b -> 
  custom:container-demuxer-webm: 4f35f7cbe854078d1ac9338744f61a02 -> 
  custom:video-encoder-webm-vp8: eb34c28f22e8b96e1ab97ce403110664 -> 
  custom:video-codec-MediaFoundation-h265: 746d11721c4dcdbdad8f713fa42b33f4 -> 
  custom:audio-encoder-webm-vorbis: bf7c407c2cedff20999df2af8eb42d56 -> 
  custom:framework-win-MediaFoundation: 216162199b28c13a410421893ffa2e32 -> 
  custom:container-demuxer-ogg: 62fdf1f143b41e24485cea50d1cbac27 -> 
  custom:video-decoder-webm-vp8: 9c59270c3fd7afecdb556c50c9e8de78 -> 
  custom:audio-decoder-ogg-vorbis: bf7c407c2cedff20999df2af8eb42d56 -> 
========================================================================
Received Import Request.
  Time since last request: 2016133.212904 seconds.
  path: Assets/ship/textures/standardSurface3SG.mat
  artifactKey: Guid(8adaddf338be17d4fb9f6331f1d3a35e) Importer(815301076,1909f56bfc062723c751e8b465ee728b)
Start importing Assets/ship/textures/standardSurface3SG.mat using Guid(8adaddf338be17d4fb9f6331f1d3a35e) Importer(815301076,1909f56bfc062723c751e8b465ee728b)  -> (artifact id: '01b048b1c8bebca4d7d32dea77ba123a') in 0.134467 seconds 
========================================================================
Received Import Request.
  Time since last request: 0.000034 seconds.
  path: Assets/ship/textures/standardSurface16SG.mat
  artifactKey: Guid(678385ced7dc0e94e99c7859a616506a) Importer(815301076,1909f56bfc062723c751e8b465ee728b)
Start importing Assets/ship/textures/standardSurface16SG.mat using Guid(678385ced7dc0e94e99c7859a616506a) Importer(815301076,1909f56bfc062723c751e8b465ee728b)  -> (artifact id: 'aeb3fc28cdeb7d6e994bb4273409c1b0') in 0.014596 seconds 
========================================================================
Received Import Request.
  Time since last request: 0.000033 seconds.
  path: Assets/ship/textures/standardSurface8SG.mat
  artifactKey: Guid(695a4eab732219c41a6504740bc639c9) Importer(815301076,1909f56bfc062723c751e8b465ee728b)
Start importing Assets/ship/textures/standardSurface8SG.mat using Guid(695a4eab732219c41a6504740bc639c9) Importer(815301076,1909f56bfc062723c751e8b465ee728b)  -> (artifact id: '9ede1fdba61a2c9bd99f5c92475abd16') in 0.017334 seconds 
========================================================================
Received Import Request.
  Time since last request: 0.000024 seconds.
  path: Assets/ship/textures/standardSurface17SG.mat
  artifactKey: Guid(6f6ec7c21351c4848bd7b00ec4f3d3cb) Importer(815301076,1909f56bfc062723c751e8b465ee728b)
Start importing Assets/ship/textures/standardSurface17SG.mat using Guid(6f6ec7c21351c4848bd7b00ec4f3d3cb) Importer(815301076,1909f56bfc062723c751e8b465ee728b)  -> (artifact id: 'c1d28c6facae562ace92b31dd1ff75c1') in 0.012007 seconds 
========================================================================
Received Import Request.
  Time since last request: 0.000032 seconds.
  path: Assets/ship/textures/standardSurface6SG.mat
  artifactKey: Guid(b0b30861e2f2b234a917ea7dcacced4f) Importer(815301076,1909f56bfc062723c751e8b465ee728b)
Start importing Assets/ship/textures/standardSurface6SG.mat using Guid(b0b30861e2f2b234a917ea7dcacced4f) Importer(815301076,1909f56bfc062723c751e8b465ee728b)  -> (artifact id: 'ddded6a63b757a9214f79d1168507463') in 0.013674 seconds 
========================================================================
Received Import Request.
  Time since last request: 0.000028 seconds.
  path: Assets/ship/textures/standardSurface13SG.mat
  artifactKey: Guid(e2a12b44c22cfdc40a24e2d6f9c2e30e) Importer(815301076,1909f56bfc062723c751e8b465ee728b)
Start importing Assets/ship/textures/standardSurface13SG.mat using Guid(e2a12b44c22cfdc40a24e2d6f9c2e30e) Importer(815301076,1909f56bfc062723c751e8b465ee728b)  -> (artifact id: '2587a13688141f4b95955fca82d3db95') in 0.015805 seconds 
========================================================================
Received Import Request.
  Time since last request: 0.000022 seconds.
  path: Assets/ship/textures/standardSurface15SG.mat
  artifactKey: Guid(a47c672e7ec2a6742a7c81419ee5ab86) Importer(815301076,1909f56bfc062723c751e8b465ee728b)
Start importing Assets/ship/textures/standardSurface15SG.mat using Guid(a47c672e7ec2a6742a7c81419ee5ab86) Importer(815301076,1909f56bfc062723c751e8b465ee728b)  -> (artifact id: '9dfa6833c3c7022cfe6fedd903278975') in 0.013488 seconds 
========================================================================
Received Import Request.
  Time since last request: 0.000025 seconds.
  path: Assets/ship/textures/standardSurface10SG.mat
  artifactKey: Guid(28b57def09e4e4a42a07c7dd4b0ee27c) Importer(815301076,1909f56bfc062723c751e8b465ee728b)
Start importing Assets/ship/textures/standardSurface10SG.mat using Guid(28b57def09e4e4a42a07c7dd4b0ee27c) Importer(815301076,1909f56bfc062723c751e8b465ee728b)  -> (artifact id: '74c16602b4887ac35e7a001a5601e369') in 0.012853 seconds 
Editor requested this worker to shutdown with reason: Scaling down because of idle timeout
AssetImportWorker is now disconnected from the server
Process exiting
Exiting without the bug reporter. Application will terminate with return code 0