Using pre-set license
Built from '2021.2/staging' branch; Version is '2021.2.12f1 (48b1aa000234) revision 4764074'; Using compiler version '192829333'; Build Type 'Release'
OS: 'Windows 11  (10.0.22621) 64bit Core' Language: 'en' Physical Memory: 16122 MB
BatchMode: 1, IsHumanControllingUs: 0, StartBugReporterOnCrash: 0, Is64bit: 1, IsPro: 0

COMMAND LINE ARGUMENTS:
C:\Program Files\Unity\Hub\Editor\2021.2.12f1\Editor\Unity.exe
-adb2
-batchMode
-noUpm
-name
AssetImportWorker6
-projectPath
C:/Users/shoot/OneDrive/Documents/GitHub/Balena-To-Sirus/Balena to Sirus
-logFile
Logs/AssetImportWorker6.log
-srvPort
59933
Successfully changed project path to: C:/Users/shoot/OneDrive/Documents/GitHub/Balena-To-Sirus/Balena to Sirus
C:/Users/shoot/OneDrive/Documents/GitHub/Balena-To-Sirus/Balena to Sirus
[UnityMemory] Configuration Parameters - Can be set up in boot.config
    "memorysetup-bucket-allocator-granularity=16"
    "memorysetup-bucket-allocator-bucket-count=8"
    "memorysetup-bucket-allocator-block-size=33554432"
    "memorysetup-bucket-allocator-block-count=8"
    "memorysetup-main-allocator-block-size=16777216"
    "memorysetup-thread-allocator-block-size=16777216"
    "memorysetup-gfx-main-allocator-block-size=16777216"
    "memorysetup-gfx-thread-allocator-block-size=16777216"
    "memorysetup-cache-allocator-block-size=4194304"
    "memorysetup-typetree-allocator-block-size=2097152"
    "memorysetup-profiler-bucket-allocator-granularity=16"
    "memorysetup-profiler-bucket-allocator-bucket-count=8"
    "memorysetup-profiler-bucket-allocator-block-size=33554432"
    "memorysetup-profiler-bucket-allocator-block-count=8"
    "memorysetup-profiler-allocator-block-size=16777216"
    "memorysetup-profiler-editor-allocator-block-size=1048576"
    "memorysetup-temp-allocator-size-main=16777216"
    "memorysetup-job-temp-allocator-block-size=2097152"
    "memorysetup-job-temp-allocator-block-size-background=1048576"
    "memorysetup-job-temp-allocator-reduction-small-platforms=262144"
    "memorysetup-temp-allocator-size-background-worker=32768"
    "memorysetup-temp-allocator-size-job-worker=262144"
    "memorysetup-temp-allocator-size-preload-manager=33554432"
    "memorysetup-temp-allocator-size-nav-mesh-worker=65536"
    "memorysetup-temp-allocator-size-audio-worker=65536"
    "memorysetup-temp-allocator-size-cloud-worker=32768"
    "memorysetup-temp-allocator-size-gi-baking-worker=262144"
    "memorysetup-temp-allocator-size-gfx=262144"
Refreshing native plugins compatible for Editor in 80.00 ms, found 5 plugins.
Preloading 0 native plugins for Editor in 0.00 ms.
Initialize engine version: 2021.2.12f1 (48b1aa000234)
[Subsystems] Discovering subsystems at path C:/Program Files/Unity/Hub/Editor/2021.2.12f1/Editor/Data/Resources/UnitySubsystems
[Subsystems] Discovering subsystems at path C:/Users/shoot/OneDrive/Documents/GitHub/Balena-To-Sirus/Balena to Sirus/Assets
GfxDevice: creating device client; threaded=0; jobified=0
Direct3D:
    Version:  Direct3D 11.0 [level 11.1]
    Renderer: NVIDIA GeForce RTX 3060 Laptop GPU (ID=0x2520)
    Vendor:   NVIDIA
    VRAM:     6023 MB
    Driver:   31.0.15.1720
Initialize mono
Mono path[0] = 'C:/Program Files/Unity/Hub/Editor/2021.2.12f1/Editor/Data/Managed'
Mono path[1] = 'C:/Program Files/Unity/Hub/Editor/2021.2.12f1/Editor/Data/MonoBleedingEdge/lib/mono/unityjit-win32'
Mono config path = 'C:/Program Files/Unity/Hub/Editor/2021.2.12f1/Editor/Data/MonoBleedingEdge/etc'
Using monoOptions --debugger-agent=transport=dt_socket,embedding=1,server=y,suspend=n,address=127.0.0.1:56352
Begin MonoManager ReloadAssembly
Registering precompiled unity dll's ...
Register platform support module: C:/Program Files/Unity/Hub/Editor/2021.2.12f1/Editor/Data/PlaybackEngines/WindowsStandaloneSupport/UnityEditor.WindowsStandalone.Extensions.dll
Registered in 0.003132 seconds.
Native extension for WindowsStandalone target not found
Refreshing native plugins compatible for Editor in 71.98 ms, found 5 plugins.
Preloading 0 native plugins for Editor in 0.00 ms.
Mono: successfully reloaded assembly
- Completed reload, in  0.576 seconds
Domain Reload Profiling:
	ReloadAssembly (576ms)
		BeginReloadAssembly (67ms)
			ExecutionOrderSort (0ms)
			DisableScriptedObjects (0ms)
			BackupInstance (0ms)
			ReleaseScriptingObjects (0ms)
			CreateAndSetChildDomain (1ms)
		EndReloadAssembly (418ms)
			LoadAssemblies (65ms)
			RebuildTransferFunctionScriptingTraits (0ms)
			SetupTypeCache (107ms)
			ReleaseScriptCaches (0ms)
			RebuildScriptCaches (23ms)
			SetupLoadedEditorAssemblies (245ms)
				LogAssemblyErrors (0ms)
				InitializePlatformSupportModulesInManaged (7ms)
				SetLoadedEditorAssemblies (0ms)
				RefreshPlugins (72ms)
				BeforeProcessingInitializeOnLoad (1ms)
				ProcessInitializeOnLoadAttributes (124ms)
				ProcessInitializeOnLoadMethodAttributes (41ms)
				AfterProcessingInitializeOnLoad (0ms)
				EditorAssembliesLoaded (0ms)
			ExecutionOrderSort2 (0ms)
			AwakeInstancesAfterBackupRestoration (0ms)
Platform modules already initialized, skipping
Registering precompiled user dll's ...
Registered in 0.004550 seconds.
Begin MonoManager ReloadAssembly
Symbol file LoadedFromMemory doesn't match image C:\Users\shoot\OneDrive\Documents\GitHub\Balena-To-Sirus\Balena to Sirus\Library\PackageCache\com.unity.visualscripting@1.7.6\Editor\VisualScripting.Core\Dependencies\DotNetZip\Unity.VisualScripting.IonicZip.dll
Symbol file LoadedFromMemory doesn't match image C:\Users\shoot\OneDrive\Documents\GitHub\Balena-To-Sirus\Balena to Sirus\Library\PackageCache\com.unity.visualscripting@1.7.6\Editor\VisualScripting.Core\Dependencies\YamlDotNet\Unity.VisualScripting.YamlDotNet.dll
Native extension for WindowsStandalone target not found
Refreshing native plugins compatible for Editor in 1.32 ms, found 5 plugins.
Preloading 0 native plugins for Editor in 0.00 ms.
Mono: successfully reloaded assembly
- Completed reload, in  0.864 seconds
Domain Reload Profiling:
	ReloadAssembly (865ms)
		BeginReloadAssembly (87ms)
			ExecutionOrderSort (0ms)
			DisableScriptedObjects (4ms)
			BackupInstance (0ms)
			ReleaseScriptingObjects (0ms)
			CreateAndSetChildDomain (18ms)
		EndReloadAssembly (687ms)
			LoadAssemblies (56ms)
			RebuildTransferFunctionScriptingTraits (0ms)
			SetupTypeCache (236ms)
			ReleaseScriptCaches (1ms)
			RebuildScriptCaches (44ms)
			SetupLoadedEditorAssemblies (306ms)
				LogAssemblyErrors (0ms)
				InitializePlatformSupportModulesInManaged (4ms)
				SetLoadedEditorAssemblies (1ms)
				RefreshPlugins (1ms)
				BeforeProcessingInitializeOnLoad (69ms)
				ProcessInitializeOnLoadAttributes (203ms)
				ProcessInitializeOnLoadMethodAttributes (23ms)
				AfterProcessingInitializeOnLoad (5ms)
				EditorAssembliesLoaded (0ms)
			ExecutionOrderSort2 (0ms)
			AwakeInstancesAfterBackupRestoration (5ms)
Platform modules already initialized, skipping
========================================================================
Worker process is ready to serve import requests
Launched and connected shader compiler UnityShaderCompiler.exe after 0.04 seconds
Refreshing native plugins compatible for Editor in 0.82 ms, found 5 plugins.
Preloading 0 native plugins for Editor in 0.00 ms.
Unloading 3376 Unused Serialized files (Serialized files now loaded: 0)
Unloading 81 unused Assets / (56.7 KB). Loaded Objects now: 3781.
Memory consumption went from 117.5 MB to 117.4 MB.
Total: 2.779100 ms (FindLiveObjects: 0.306400 ms CreateObjectMapping: 0.092000 ms MarkObjects: 2.302900 ms  DeleteObjects: 0.076300 ms)

AssetImportParameters requested are different than current active one (requested -> active):
  custom:video-decoder-ogg-theora: a1e56fd34408186e4bbccfd4996cb3dc -> 
  custom:container-muxer-webm: aa71ff27fc2769a1b78a27578f13a17b -> 
  custom:container-demuxer-webm: 4f35f7cbe854078d1ac9338744f61a02 -> 
  custom:video-encoder-webm-vp8: eb34c28f22e8b96e1ab97ce403110664 -> 
  custom:video-codec-MediaFoundation-h265: 746d11721c4dcdbdad8f713fa42b33f4 -> 
  custom:audio-encoder-webm-vorbis: bf7c407c2cedff20999df2af8eb42d56 -> 
  custom:framework-win-MediaFoundation: 216162199b28c13a410421893ffa2e32 -> 
  custom:container-demuxer-ogg: 62fdf1f143b41e24485cea50d1cbac27 -> 
  custom:video-decoder-webm-vp8: 9c59270c3fd7afecdb556c50c9e8de78 -> 
  custom:audio-decoder-ogg-vorbis: bf7c407c2cedff20999df2af8eb42d56 -> 
========================================================================
Received Import Request.
  Time since last request: 2018661.976380 seconds.
  path: Assets/ship/matirals/ship_sticks_Normal.png
  artifactKey: Guid(fa452430fa6c0194b8a622104298d9c9) Importer(815301076,1909f56bfc062723c751e8b465ee728b)
Start importing Assets/ship/matirals/ship_sticks_Normal.png using Guid(fa452430fa6c0194b8a622104298d9c9) Importer(815301076,1909f56bfc062723c751e8b465ee728b)  -> (artifact id: 'f8b3fda95a6c411ae4a746b4cbd7082a') in 0.104305 seconds 
========================================================================
Received Import Request.
  Time since last request: 7.848166 seconds.
  path: Assets/ship/matirals/ship_guard rails_Normal.png
  artifactKey: Guid(48786f37968b3954d8764c3078f8a8d2) Importer(815301076,1909f56bfc062723c751e8b465ee728b)
Start importing Assets/ship/matirals/ship_guard rails_Normal.png using Guid(48786f37968b3954d8764c3078f8a8d2) Importer(815301076,1909f56bfc062723c751e8b465ee728b)  -> (artifact id: '574b1b028215a6adb9efcd5d143b1a85') in 0.020438 seconds 
========================================================================
Received Import Request.
  Time since last request: 1.877154 seconds.
  path: Assets/ship/matirals/ship_sails_Normal.png
  artifactKey: Guid(657d2c582ed764649a18b679f7735ea4) Importer(815301076,1909f56bfc062723c751e8b465ee728b)
Start importing Assets/ship/matirals/ship_sails_Normal.png using Guid(657d2c582ed764649a18b679f7735ea4) Importer(815301076,1909f56bfc062723c751e8b465ee728b)  -> (artifact id: 'e4f54406bb6198084a59c1085b9436d4') in 0.016438 seconds 
========================================================================
Received Import Request.
  Time since last request: 1.654597 seconds.
  path: Assets/ship/matirals/ship_back sails_Normal.png
  artifactKey: Guid(46898e75147caae4faa73d5affebcf94) Importer(815301076,1909f56bfc062723c751e8b465ee728b)
Start importing Assets/ship/matirals/ship_back sails_Normal.png using Guid(46898e75147caae4faa73d5affebcf94) Importer(815301076,1909f56bfc062723c751e8b465ee728b)  -> (artifact id: 'e27308bf2f423c934b16a30a7f39399d') in 0.018631 seconds 
========================================================================
Received Import Request.
  Time since last request: 85.611557 seconds.
  path: Assets/ship/matirals/ship_sails_BaseMap 1.png
  artifactKey: Guid(2bd398a07e8259448a0ab9cb048f1548) Importer(815301076,1909f56bfc062723c751e8b465ee728b)
Start importing Assets/ship/matirals/ship_sails_BaseMap 1.png using Guid(2bd398a07e8259448a0ab9cb048f1548) Importer(815301076,1909f56bfc062723c751e8b465ee728b)  -> (artifact id: '27076984590c8ea1e29143eef2792cca') in 0.018340 seconds 
========================================================================
Received Import Request.
  Time since last request: 0.000035 seconds.
  path: Assets/ship/matirals/ship_sails_Normal 1.png
  artifactKey: Guid(576424b7a6a60f240b364f88222cec64) Importer(815301076,1909f56bfc062723c751e8b465ee728b)
Start importing Assets/ship/matirals/ship_sails_Normal 1.png using Guid(576424b7a6a60f240b364f88222cec64) Importer(815301076,1909f56bfc062723c751e8b465ee728b)  -> (artifact id: 'ca7abc02d64b5b9c0d47566699ba1315') in 0.016653 seconds 
========================================================================
Received Import Request.
  Time since last request: 351.963235 seconds.
  path: Assets/ship/ship/ship.obj
  artifactKey: Guid(e42161a45e74197428f97a2b7f194e64) Importer(815301076,1909f56bfc062723c751e8b465ee728b)
Start importing Assets/ship/ship/ship.obj using Guid(e42161a45e74197428f97a2b7f194e64) Importer(815301076,1909f56bfc062723c751e8b465ee728b)  -> (artifact id: '1cf1b8a3f78c4d90e44f7bdf2c254568') in 0.344255 seconds 
